<?xml version="1.0" encoding="UTF-8"?>
<testng-results ignored="0" total="3" passed="3" failed="0" skipped="0">
  <reporter-output>
  </reporter-output>
  <suite started-at="2026-01-22T20:53:58 IST" name="AutomationSuite" finished-at="2026-01-22T20:54:02 IST" duration-ms="3408">
    <groups>
    </groups>
    <test started-at="2026-01-22T20:53:58 IST" name="API Tests" finished-at="2026-01-22T20:54:00 IST" duration-ms="1911">
      <class name="apitests.ApiSmokeTest">
        <test-method is-config="true" signature="setup()[pri:0, instance:apitests.ApiSmokeTest@42a48628]" started-at="2026-01-22T20:53:58 IST" name="setup" finished-at="2026-01-22T20:53:59 IST" duration-ms="507" status="PASS">
          <reporter-output>
          </reporter-output>
        </test-method> <!-- setup -->
        <test-method signature="verifyUsersApi()[pri:0, instance:apitests.ApiSmokeTest@42a48628]" started-at="2026-01-22T20:53:59 IST" name="verifyUsersApi" finished-at="2026-01-22T20:54:00 IST" duration-ms="1379" status="PASS">
          <reporter-output>
          </reporter-output>
        </test-method> <!-- verifyUsersApi -->
      </class> <!-- apitests.ApiSmokeTest -->
    </test> <!-- API Tests -->
    <test started-at="2026-01-22T20:53:58 IST" name="Web Tests" finished-at="2026-01-22T20:54:02 IST" duration-ms="3408">
      <class name="webtests.SmokeTest">
        <test-method is-config="true" signature="setup()[pri:0, instance:webtests.SmokeTest@6771beb3]" started-at="2026-01-22T20:54:01 IST" name="setup" finished-at="2026-01-22T20:54:02 IST" duration-ms="626" status="PASS">
          <reporter-output>
          </reporter-output>
        </test-method> <!-- setup -->
        <test-method signature="openBrowser()[pri:0, instance:webtests.SmokeTest@6771beb3]" started-at="2026-01-22T20:54:02 IST" name="openBrowser" finished-at="2026-01-22T20:54:02 IST" duration-ms="2" status="PASS">
          <reporter-output>
          </reporter-output>
        </test-method> <!-- openBrowser -->
        <test-method is-config="true" signature="tearDown()[pri:0, instance:webtests.SmokeTest@6771beb3]" started-at="2026-01-22T20:54:02 IST" name="tearDown" finished-at="2026-01-22T20:54:02 IST" duration-ms="102" status="PASS">
          <reporter-output>
          </reporter-output>
        </test-method> <!-- tearDown -->
      </class> <!-- webtests.SmokeTest -->
      <class name="webtests.GoogleSmokeTest">
        <test-method is-config="true" signature="setUp()[pri:0, instance:webtests.GoogleSmokeTest@5e0e82ae]" started-at="2026-01-22T20:53:58 IST" name="setUp" finished-at="2026-01-22T20:54:00 IST" duration-ms="1947" status="PASS">
          <reporter-output>
          </reporter-output>
        </test-method> <!-- setUp -->
        <test-method signature="verifyGoogleTitle()[pri:0, instance:webtests.GoogleSmokeTest@5e0e82ae]" started-at="2026-01-22T20:54:00 IST" name="verifyGoogleTitle" finished-at="2026-01-22T20:54:01 IST" duration-ms="540" status="PASS">
          <reporter-output>
          </reporter-output>
        </test-method> <!-- verifyGoogleTitle -->
        <test-method is-config="true" signature="tearDown()[pri:0, instance:webtests.GoogleSmokeTest@5e0e82ae]" started-at="2026-01-22T20:54:01 IST" name="tearDown" finished-at="2026-01-22T20:54:01 IST" duration-ms="160" status="PASS">
          <reporter-output>
          </reporter-output>
        </test-method> <!-- tearDown -->
      </class> <!-- webtests.GoogleSmokeTest -->
    </test> <!-- Web Tests -->
  </suite> <!-- AutomationSuite -->
</testng-results>
