<?xml version="1.0" encoding="UTF-8"?>
<testng-results ignored="0" total="2" passed="2" failed="0" skipped="0">
  <reporter-output>
  </reporter-output>
  <suite started-at="2026-01-23T00:53:25 IST" name="Parallel Suite" finished-at="2026-01-23T00:53:28 IST" duration-ms="2394">
    <groups>
    </groups>
    <test started-at="2026-01-23T00:53:25 IST" name="Web Parallel Tests" finished-at="2026-01-23T00:53:28 IST" duration-ms="2394">
      <class name="webtests.GoogleTest">
        <test-method is-config="true" signature="setUp()[pri:0, instance:webtests.GoogleTest@5bda8e08]" started-at="2026-01-23T00:53:25 IST" name="setUp" finished-at="2026-01-23T00:53:27 IST" duration-ms="1819" status="PASS">
          <reporter-output>
          </reporter-output>
        </test-method> <!-- setUp -->
        <test-method signature="openGoogle()[pri:0, instance:webtests.GoogleTest@5bda8e08]" started-at="2026-01-23T00:53:27 IST" name="openGoogle" finished-at="2026-01-23T00:53:28 IST" duration-ms="458" status="PASS">
          <reporter-output>
          </reporter-output>
        </test-method> <!-- openGoogle -->
        <test-method is-config="true" signature="tearDown()[pri:0, instance:webtests.GoogleTest@5bda8e08]" started-at="2026-01-23T00:53:28 IST" name="tearDown" finished-at="2026-01-23T00:53:28 IST" duration-ms="82" status="PASS">
          <reporter-output>
          </reporter-output>
        </test-method> <!-- tearDown -->
      </class> <!-- webtests.GoogleTest -->
      <class name="webtests.BingTest">
        <test-method is-config="true" signature="setUp()[pri:0, instance:webtests.BingTest@131ef10]" started-at="2026-01-23T00:53:25 IST" name="setUp" finished-at="2026-01-23T00:53:27 IST" duration-ms="1819" status="PASS">
          <reporter-output>
          </reporter-output>
        </test-method> <!-- setUp -->
        <test-method signature="openBing()[pri:0, instance:webtests.BingTest@131ef10]" started-at="2026-01-23T00:53:27 IST" name="openBing" finished-at="2026-01-23T00:53:28 IST" duration-ms="305" status="PASS">
          <reporter-output>
          </reporter-output>
        </test-method> <!-- openBing -->
        <test-method is-config="true" signature="tearDown()[pri:0, instance:webtests.BingTest@131ef10]" started-at="2026-01-23T00:53:28 IST" name="tearDown" finished-at="2026-01-23T00:53:28 IST" duration-ms="93" status="PASS">
          <reporter-output>
          </reporter-output>
        </test-method> <!-- tearDown -->
      </class> <!-- webtests.BingTest -->
    </test> <!-- Web Parallel Tests -->
  </suite> <!-- Parallel Suite -->
</testng-results>
