<?xml version="1.0" encoding="UTF-8"?>
<testng-results ignored="0" total="1" passed="1" failed="0" skipped="0">
  <reporter-output>
  </reporter-output>
  <suite started-at="2026-01-22T20:34:43 IST" name="Default suite" finished-at="2026-01-22T20:34:46 IST" duration-ms="2560">
    <groups>
    </groups>
    <test started-at="2026-01-22T20:34:43 IST" name="Default test" finished-at="2026-01-22T20:34:46 IST" duration-ms="2560">
      <class name="webtests.GoogleSmokeTest">
        <test-method is-config="true" signature="setUp()[pri:0, instance:webtests.GoogleSmokeTest@682b2fa]" started-at="2026-01-22T20:34:43 IST" name="setUp" finished-at="2026-01-22T20:34:45 IST" duration-ms="1666" status="PASS">
          <reporter-output>
          </reporter-output>
        </test-method> <!-- setUp -->
        <test-method signature="verifyGoogleTitle()[pri:0, instance:webtests.GoogleSmokeTest@682b2fa]" started-at="2026-01-22T20:34:45 IST" name="verifyGoogleTitle" finished-at="2026-01-22T20:34:46 IST" duration-ms="665" status="PASS">
          <reporter-output>
          </reporter-output>
        </test-method> <!-- verifyGoogleTitle -->
        <test-method is-config="true" signature="tearDown()[pri:0, instance:webtests.GoogleSmokeTest@682b2fa]" started-at="2026-01-22T20:34:46 IST" name="tearDown" finished-at="2026-01-22T20:34:46 IST" duration-ms="199" status="PASS">
          <reporter-output>
          </reporter-output>
        </test-method> <!-- tearDown -->
      </class> <!-- webtests.GoogleSmokeTest -->
    </test> <!-- Default test -->
  </suite> <!-- Default suite -->
</testng-results>
